2026-03-05T11:54:59.989140Z  INFO tailwindcss_oxide::scanner: Provided sources:
2026-03-05T11:54:59.989274Z  INFO tailwindcss_oxide::scanner: Source: PublicSourceEntry { base: "c:\\Users\\jeffr\\OneDrive - Hogeschool Rotterdam\\documenten\\jaar2\\TLE3\\Front-end", pattern: "**/*", negated: false }
2026-03-05T11:54:59.989494Z  INFO tailwindcss_oxide::scanner: Optimized sources:
2026-03-05T11:54:59.989520Z  INFO tailwindcss_oxide::scanner: Source: Auto { base: "C:\\Users\\jeffr\\OneDrive - Hogeschool Rotterdam\\documenten\\jaar2\\TLE3\\Front-end" }
2026-03-05T11:54:59.991206Z  INFO get_files: tailwindcss_oxide::scanner: enter
2026-03-05T11:54:59.991488Z  INFO get_files:discover_sources: tailwindcss_oxide::scanner: enter
2026-03-05T11:54:59.991498Z  INFO get_files:discover_sources:walk_synchronous: tailwindcss_oxide::scanner: enter
2026-03-05T11:54:59.994785Z  INFO get_files:discover_sources:walk_synchronous: tailwindcss_oxide::scanner: exit
2026-03-05T11:54:59.995596Z  INFO tailwindcss_oxide::scanner: Reading "C:\\Users\\jeffr\\OneDrive - Hogeschool Rotterdam\\documenten\\jaar2\\TLE3\\Front-end\\src\\App.jsx"
2026-03-05T11:54:59.995598Z  INFO tailwindcss_oxide::scanner: Reading "C:\\Users\\jeffr\\OneDrive - Hogeschool Rotterdam\\documenten\\jaar2\\TLE3\\Front-end\\src\\main.jsx"
2026-03-05T11:54:59.995627Z  INFO tailwindcss_oxide::scanner: Reading "C:\\Users\\jeffr\\OneDrive - Hogeschool Rotterdam\\documenten\\jaar2\\TLE3\\Front-end\\vite.config.js"
2026-03-05T11:54:59.995603Z  INFO tailwindcss_oxide::scanner: Reading "C:\\Users\\jeffr\\OneDrive - Hogeschool Rotterdam\\documenten\\jaar2\\TLE3\\Front-end\\package.json"
2026-03-05T11:54:59.995606Z  INFO tailwindcss_oxide::scanner: Reading "C:\\Users\\jeffr\\OneDrive - Hogeschool Rotterdam\\documenten\\jaar2\\TLE3\\Front-end\\index.html"
2026-03-05T11:54:59.995669Z  INFO tailwindcss_oxide::scanner: Reading "C:\\Users\\jeffr\\OneDrive - Hogeschool Rotterdam\\documenten\\jaar2\\TLE3\\Front-end\\eslint.config.js"
2026-03-05T11:54:59.995656Z  INFO tailwindcss_oxide::scanner: Reading "C:\\Users\\jeffr\\OneDrive - Hogeschool Rotterdam\\documenten\\jaar2\\TLE3\\Front-end\\public\\vite.svg"
2026-03-05T11:54:59.995686Z  INFO tailwindcss_oxide::scanner: Reading "C:\\Users\\jeffr\\OneDrive - Hogeschool Rotterdam\\documenten\\jaar2\\TLE3\\Front-end\\README.md"
2026-03-05T11:54:59.995725Z  INFO tailwindcss_oxide::scanner: Reading "C:\\Users\\jeffr\\OneDrive - Hogeschool Rotterdam\\documenten\\jaar2\\TLE3\\Front-end\\src\\assets\\react.svg"
2026-03-05T11:54:59.995842Z  INFO tailwindcss_oxide::scanner: Reading "C:\\Users\\jeffr\\OneDrive - Hogeschool Rotterdam\\documenten\\jaar2\\TLE3\\Front-end\\src\\pages\\Home.jsx"
2026-03-05T11:54:59.995923Z  INFO get_files:discover_sources: tailwindcss_oxide::scanner: exit
2026-03-05T11:54:59.996053Z  INFO get_files: tailwindcss_oxide::scanner: exit
2026-03-05T11:54:59.996132Z  INFO get_globs: tailwindcss_oxide::scanner: enter
2026-03-05T11:54:59.996139Z  INFO get_globs:discover_sources: tailwindcss_oxide::scanner: enter
2026-03-05T11:54:59.996144Z  INFO get_globs:discover_sources: tailwindcss_oxide::scanner: exit
2026-03-05T11:54:59.999325Z  INFO get_globs: tailwindcss_oxide::scanner: exit
