2026-03-09T12:35:59.979865Z  INFO tailwindcss_oxide::scanner: Provided sources:
2026-03-09T12:35:59.980356Z  INFO tailwindcss_oxide::scanner: Source: PublicSourceEntry { base: "c:\\Users\\jeffr\\OneDrive - Hogeschool Rotterdam\\documenten\\jaar2\\TLE3\\Front-end", pattern: "**/*", negated: false }
2026-03-09T12:35:59.981100Z  INFO tailwindcss_oxide::scanner: Optimized sources:
2026-03-09T12:35:59.981117Z  INFO tailwindcss_oxide::scanner: Source: Auto { base: "C:\\Users\\jeffr\\OneDrive - Hogeschool Rotterdam\\documenten\\jaar2\\TLE3\\Front-end" }
2026-03-09T12:35:59.983059Z  INFO get_files: tailwindcss_oxide::scanner: enter
2026-03-09T12:35:59.983430Z  INFO get_files:discover_sources: tailwindcss_oxide::scanner: enter
2026-03-09T12:35:59.983445Z  INFO get_files:discover_sources:walk_synchronous: tailwindcss_oxide::scanner: enter
2026-03-09T12:35:59.987757Z  INFO get_files:discover_sources:walk_synchronous: tailwindcss_oxide::scanner: exit
2026-03-09T12:35:59.988469Z  INFO tailwindcss_oxide::scanner: Reading "C:\\Users\\jeffr\\OneDrive - Hogeschool Rotterdam\\documenten\\jaar2\\TLE3\\Front-end\\README.md"
2026-03-09T12:35:59.988491Z  INFO tailwindcss_oxide::scanner: Reading "C:\\Users\\jeffr\\OneDrive - Hogeschool Rotterdam\\documenten\\jaar2\\TLE3\\Front-end\\package.json"
2026-03-09T12:35:59.988517Z  INFO tailwindcss_oxide::scanner: Reading "C:\\Users\\jeffr\\OneDrive - Hogeschool Rotterdam\\documenten\\jaar2\\TLE3\\Front-end\\src\\components\\Navbar.jsx"
2026-03-09T12:35:59.988495Z  INFO tailwindcss_oxide::scanner: Reading "C:\\Users\\jeffr\\OneDrive - Hogeschool Rotterdam\\documenten\\jaar2\\TLE3\\Front-end\\src\\components\\Footer.jsx"
2026-03-09T12:35:59.988538Z  INFO tailwindcss_oxide::scanner: Reading "C:\\Users\\jeffr\\OneDrive - Hogeschool Rotterdam\\documenten\\jaar2\\TLE3\\Front-end\\src\\pages\\Home.jsx"
2026-03-09T12:35:59.988469Z  INFO tailwindcss_oxide::scanner: Reading "C:\\Users\\jeffr\\OneDrive - Hogeschool Rotterdam\\documenten\\jaar2\\TLE3\\Front-end\\src\\main.jsx"
2026-03-09T12:35:59.988476Z  INFO tailwindcss_oxide::scanner: Reading "C:\\Users\\jeffr\\OneDrive - Hogeschool Rotterdam\\documenten\\jaar2\\TLE3\\Front-end\\src\\App.jsx"
2026-03-09T12:35:59.988528Z  INFO tailwindcss_oxide::scanner: Reading "C:\\Users\\jeffr\\OneDrive - Hogeschool Rotterdam\\documenten\\jaar2\\TLE3\\Front-end\\postcss.config.js"
2026-03-09T12:35:59.988472Z  INFO tailwindcss_oxide::scanner: Reading "C:\\Users\\jeffr\\OneDrive - Hogeschool Rotterdam\\documenten\\jaar2\\TLE3\\Front-end\\.prettierrc"
2026-03-09T12:35:59.988571Z  INFO tailwindcss_oxide::scanner: Reading "C:\\Users\\jeffr\\OneDrive - Hogeschool Rotterdam\\documenten\\jaar2\\TLE3\\Front-end\\src\\assets\\react.svg"
2026-03-09T12:35:59.988597Z  INFO tailwindcss_oxide::scanner: Reading "C:\\Users\\jeffr\\OneDrive - Hogeschool Rotterdam\\documenten\\jaar2\\TLE3\\Front-end\\tailwind.config.js"
2026-03-09T12:35:59.988604Z  INFO tailwindcss_oxide::scanner: Reading "C:\\Users\\jeffr\\OneDrive - Hogeschool Rotterdam\\documenten\\jaar2\\TLE3\\Front-end\\index.html"
2026-03-09T12:35:59.988575Z  INFO tailwindcss_oxide::scanner: Reading "C:\\Users\\jeffr\\OneDrive - Hogeschool Rotterdam\\documenten\\jaar2\\TLE3\\Front-end\\eslint.config.js"
2026-03-09T12:35:59.988667Z  INFO tailwindcss_oxide::scanner: Reading "C:\\Users\\jeffr\\OneDrive - Hogeschool Rotterdam\\documenten\\jaar2\\TLE3\\Front-end\\vite.config.js"
2026-03-09T12:35:59.988676Z  INFO tailwindcss_oxide::scanner: Reading "C:\\Users\\jeffr\\OneDrive - Hogeschool Rotterdam\\documenten\\jaar2\\TLE3\\Front-end\\public\\vite.svg"
2026-03-09T12:35:59.988731Z  INFO get_files:discover_sources: tailwindcss_oxide::scanner: exit
2026-03-09T12:35:59.988808Z  INFO get_files: tailwindcss_oxide::scanner: exit
2026-03-09T12:35:59.988861Z  INFO get_globs: tailwindcss_oxide::scanner: enter
2026-03-09T12:35:59.988867Z  INFO get_globs:discover_sources: tailwindcss_oxide::scanner: enter
2026-03-09T12:35:59.988872Z  INFO get_globs:discover_sources: tailwindcss_oxide::scanner: exit
2026-03-09T12:35:59.992735Z  INFO get_globs: tailwindcss_oxide::scanner: exit
