2026-03-10T08:59:59.115226Z  INFO tailwindcss_oxide::scanner: Provided sources:
2026-03-10T08:59:59.115640Z  INFO tailwindcss_oxide::scanner: Source: PublicSourceEntry { base: "c:\\Users\\jeffr\\OneDrive - Hogeschool Rotterdam\\documenten\\jaar2\\TLE3\\Front-end", pattern: "**/*", negated: false }
2026-03-10T08:59:59.115886Z  INFO tailwindcss_oxide::scanner: Optimized sources:
2026-03-10T08:59:59.115905Z  INFO tailwindcss_oxide::scanner: Source: Auto { base: "C:\\Users\\jeffr\\OneDrive - Hogeschool Rotterdam\\documenten\\jaar2\\TLE3\\Front-end" }
2026-03-10T08:59:59.117488Z  INFO get_files: tailwindcss_oxide::scanner: enter
2026-03-10T08:59:59.117716Z  INFO get_files:discover_sources: tailwindcss_oxide::scanner: enter
2026-03-10T08:59:59.117731Z  INFO get_files:discover_sources:walk_synchronous: tailwindcss_oxide::scanner: enter
2026-03-10T08:59:59.122384Z  INFO get_files:discover_sources:walk_synchronous: tailwindcss_oxide::scanner: exit
2026-03-10T08:59:59.123024Z  INFO tailwindcss_oxide::scanner: Reading "C:\\Users\\jeffr\\OneDrive - Hogeschool Rotterdam\\documenten\\jaar2\\TLE3\\Front-end\\public\\vite.svg"
2026-03-10T08:59:59.123032Z  INFO tailwindcss_oxide::scanner: Reading "C:\\Users\\jeffr\\OneDrive - Hogeschool Rotterdam\\documenten\\jaar2\\TLE3\\Front-end\\src\\pages\\Article.jsx"
2026-03-10T08:59:59.123052Z  INFO tailwindcss_oxide::scanner: Reading "C:\\Users\\jeffr\\OneDrive - Hogeschool Rotterdam\\documenten\\jaar2\\TLE3\\Front-end\\src\\components\\Navbar.jsx"
2026-03-10T08:59:59.123053Z  INFO tailwindcss_oxide::scanner: Reading "C:\\Users\\jeffr\\OneDrive - Hogeschool Rotterdam\\documenten\\jaar2\\TLE3\\Front-end\\eslint.config.js"
2026-03-10T08:59:59.123063Z  INFO tailwindcss_oxide::scanner: Reading "C:\\Users\\jeffr\\OneDrive - Hogeschool Rotterdam\\documenten\\jaar2\\TLE3\\Front-end\\src\\App.jsx"
2026-03-10T08:59:59.123037Z  INFO tailwindcss_oxide::scanner: Reading "C:\\Users\\jeffr\\OneDrive - Hogeschool Rotterdam\\documenten\\jaar2\\TLE3\\Front-end\\src\\components\\Footer.jsx"
2026-03-10T08:59:59.123054Z  INFO tailwindcss_oxide::scanner: Reading "C:\\Users\\jeffr\\OneDrive - Hogeschool Rotterdam\\documenten\\jaar2\\TLE3\\Front-end\\index.html"
2026-03-10T08:59:59.123098Z  INFO tailwindcss_oxide::scanner: Reading "C:\\Users\\jeffr\\OneDrive - Hogeschool Rotterdam\\documenten\\jaar2\\TLE3\\Front-end\\src\\components\\RequestsDropdown.jsx"
2026-03-10T08:59:59.123152Z  INFO tailwindcss_oxide::scanner: Reading "C:\\Users\\jeffr\\OneDrive - Hogeschool Rotterdam\\documenten\\jaar2\\TLE3\\Front-end\\src\\pages\\CategoryDetail.jsx"
2026-03-10T08:59:59.123159Z  INFO tailwindcss_oxide::scanner: Reading "C:\\Users\\jeffr\\OneDrive - Hogeschool Rotterdam\\documenten\\jaar2\\TLE3\\Front-end\\README.md"
2026-03-10T08:59:59.123024Z  INFO tailwindcss_oxide::scanner: Reading "C:\\Users\\jeffr\\OneDrive - Hogeschool Rotterdam\\documenten\\jaar2\\TLE3\\Front-end\\.prettierrc"
2026-03-10T08:59:59.123126Z  INFO tailwindcss_oxide::scanner: Reading "C:\\Users\\jeffr\\OneDrive - Hogeschool Rotterdam\\documenten\\jaar2\\TLE3\\Front-end\\src\\assets\\react.svg"
2026-03-10T08:59:59.123182Z  INFO tailwindcss_oxide::scanner: Reading "C:\\Users\\jeffr\\OneDrive - Hogeschool Rotterdam\\documenten\\jaar2\\TLE3\\Front-end\\tailwind.config.js"
2026-03-10T08:59:59.123162Z  INFO tailwindcss_oxide::scanner: Reading "C:\\Users\\jeffr\\OneDrive - Hogeschool Rotterdam\\documenten\\jaar2\\TLE3\\Front-end\\package.json"
2026-03-10T08:59:59.123176Z  INFO tailwindcss_oxide::scanner: Reading "C:\\Users\\jeffr\\OneDrive - Hogeschool Rotterdam\\documenten\\jaar2\\TLE3\\Front-end\\src\\components\\Accordion.jsx"
2026-03-10T08:59:59.123213Z  INFO tailwindcss_oxide::scanner: Reading "C:\\Users\\jeffr\\OneDrive - Hogeschool Rotterdam\\documenten\\jaar2\\TLE3\\Front-end\\src\\pages\\WMOForm.jsx"
2026-03-10T08:59:59.123215Z  INFO tailwindcss_oxide::scanner: Reading "C:\\Users\\jeffr\\OneDrive - Hogeschool Rotterdam\\documenten\\jaar2\\TLE3\\Front-end\\vite.config.js"
2026-03-10T08:59:59.123236Z  INFO tailwindcss_oxide::scanner: Reading "C:\\Users\\jeffr\\OneDrive - Hogeschool Rotterdam\\documenten\\jaar2\\TLE3\\Front-end\\src\\main.jsx"
2026-03-10T08:59:59.123233Z  INFO tailwindcss_oxide::scanner: Reading "C:\\Users\\jeffr\\OneDrive - Hogeschool Rotterdam\\documenten\\jaar2\\TLE3\\Front-end\\src\\pages\\Home.jsx"
2026-03-10T08:59:59.123265Z  INFO tailwindcss_oxide::scanner: Reading "C:\\Users\\jeffr\\OneDrive - Hogeschool Rotterdam\\documenten\\jaar2\\TLE3\\Front-end\\postcss.config.js"
2026-03-10T08:59:59.123309Z  INFO tailwindcss_oxide::scanner: Reading "C:\\Users\\jeffr\\OneDrive - Hogeschool Rotterdam\\documenten\\jaar2\\TLE3\\Front-end\\src\\pages\\AllTopics.jsx"
2026-03-10T08:59:59.123435Z  INFO get_files:discover_sources: tailwindcss_oxide::scanner: exit
2026-03-10T08:59:59.123529Z  INFO get_files: tailwindcss_oxide::scanner: exit
2026-03-10T08:59:59.123582Z  INFO get_globs: tailwindcss_oxide::scanner: enter
2026-03-10T08:59:59.123588Z  INFO get_globs:discover_sources: tailwindcss_oxide::scanner: enter
2026-03-10T08:59:59.123592Z  INFO get_globs:discover_sources: tailwindcss_oxide::scanner: exit
2026-03-10T08:59:59.128349Z  INFO get_globs: tailwindcss_oxide::scanner: exit
