2026-03-09T12:36:22.171761Z  INFO tailwindcss_oxide::scanner: Provided sources:
2026-03-09T12:36:22.171922Z  INFO tailwindcss_oxide::scanner: Source: PublicSourceEntry { base: "c:\\Users\\jeffr\\OneDrive - Hogeschool Rotterdam\\documenten\\jaar2\\TLE3\\Front-end", pattern: "**/*", negated: false }
2026-03-09T12:36:22.172175Z  INFO tailwindcss_oxide::scanner: Optimized sources:
2026-03-09T12:36:22.172203Z  INFO tailwindcss_oxide::scanner: Source: Auto { base: "C:\\Users\\jeffr\\OneDrive - Hogeschool Rotterdam\\documenten\\jaar2\\TLE3\\Front-end" }
2026-03-09T12:36:22.173874Z  INFO get_files: tailwindcss_oxide::scanner: enter
2026-03-09T12:36:22.174163Z  INFO get_files:discover_sources: tailwindcss_oxide::scanner: enter
2026-03-09T12:36:22.174195Z  INFO get_files:discover_sources:walk_synchronous: tailwindcss_oxide::scanner: enter
2026-03-09T12:36:22.179844Z  INFO get_files:discover_sources:walk_synchronous: tailwindcss_oxide::scanner: exit
2026-03-09T12:36:22.180598Z  INFO tailwindcss_oxide::scanner: Reading "C:\\Users\\jeffr\\OneDrive - Hogeschool Rotterdam\\documenten\\jaar2\\TLE3\\Front-end\\.prettierrc"
2026-03-09T12:36:22.180613Z  INFO tailwindcss_oxide::scanner: Reading "C:\\Users\\jeffr\\OneDrive - Hogeschool Rotterdam\\documenten\\jaar2\\TLE3\\Front-end\\src\\components\\Footer.jsx"
2026-03-09T12:36:22.180652Z  INFO tailwindcss_oxide::scanner: Reading "C:\\Users\\jeffr\\OneDrive - Hogeschool Rotterdam\\documenten\\jaar2\\TLE3\\Front-end\\src\\pages\\Article.jsx"
2026-03-09T12:36:22.180664Z  INFO tailwindcss_oxide::scanner: Reading "C:\\Users\\jeffr\\OneDrive - Hogeschool Rotterdam\\documenten\\jaar2\\TLE3\\Front-end\\src\\pages\\WMOHelp.jsx"
2026-03-09T12:36:22.180674Z  INFO tailwindcss_oxide::scanner: Reading "C:\\Users\\jeffr\\OneDrive - Hogeschool Rotterdam\\documenten\\jaar2\\TLE3\\Front-end\\src\\components\\RequestsDropdown.jsx"
2026-03-09T12:36:22.180710Z  INFO tailwindcss_oxide::scanner: Reading "C:\\Users\\jeffr\\OneDrive - Hogeschool Rotterdam\\documenten\\jaar2\\TLE3\\Front-end\\src\\components\\Navbar.jsx"
2026-03-09T12:36:22.180713Z  INFO tailwindcss_oxide::scanner: Reading "C:\\Users\\jeffr\\OneDrive - Hogeschool Rotterdam\\documenten\\jaar2\\TLE3\\Front-end\\eslint.config.js"
2026-03-09T12:36:22.180765Z  INFO tailwindcss_oxide::scanner: Reading "C:\\Users\\jeffr\\OneDrive - Hogeschool Rotterdam\\documenten\\jaar2\\TLE3\\Front-end\\src\\pages\\CategoryDetail.jsx"
2026-03-09T12:36:22.180847Z  INFO tailwindcss_oxide::scanner: Reading "C:\\Users\\jeffr\\OneDrive - Hogeschool Rotterdam\\documenten\\jaar2\\TLE3\\Front-end\\src\\pages\\Home.jsx"
2026-03-09T12:36:22.180864Z  INFO tailwindcss_oxide::scanner: Reading "C:\\Users\\jeffr\\OneDrive - Hogeschool Rotterdam\\documenten\\jaar2\\TLE3\\Front-end\\tailwind.config.js"
2026-03-09T12:36:22.180913Z  INFO tailwindcss_oxide::scanner: Reading "C:\\Users\\jeffr\\OneDrive - Hogeschool Rotterdam\\documenten\\jaar2\\TLE3\\Front-end\\public\\vite.svg"
2026-03-09T12:36:22.180928Z  INFO tailwindcss_oxide::scanner: Reading "C:\\Users\\jeffr\\OneDrive - Hogeschool Rotterdam\\documenten\\jaar2\\TLE3\\Front-end\\src\\main.jsx"
2026-03-09T12:36:22.180938Z  INFO tailwindcss_oxide::scanner: Reading "C:\\Users\\jeffr\\OneDrive - Hogeschool Rotterdam\\documenten\\jaar2\\TLE3\\Front-end\\vite.config.js"
2026-03-09T12:36:22.180888Z  INFO tailwindcss_oxide::scanner: Reading "C:\\Users\\jeffr\\OneDrive - Hogeschool Rotterdam\\documenten\\jaar2\\TLE3\\Front-end\\index.html"
2026-03-09T12:36:22.180953Z  INFO tailwindcss_oxide::scanner: Reading "C:\\Users\\jeffr\\OneDrive - Hogeschool Rotterdam\\documenten\\jaar2\\TLE3\\Front-end\\package.json"
2026-03-09T12:36:22.180984Z  INFO tailwindcss_oxide::scanner: Reading "C:\\Users\\jeffr\\OneDrive - Hogeschool Rotterdam\\documenten\\jaar2\\TLE3\\Front-end\\postcss.config.js"
2026-03-09T12:36:22.181005Z  INFO tailwindcss_oxide::scanner: Reading "C:\\Users\\jeffr\\OneDrive - Hogeschool Rotterdam\\documenten\\jaar2\\TLE3\\Front-end\\src\\App.jsx"
2026-03-09T12:36:22.181020Z  INFO tailwindcss_oxide::scanner: Reading "C:\\Users\\jeffr\\OneDrive - Hogeschool Rotterdam\\documenten\\jaar2\\TLE3\\Front-end\\src\\assets\\react.svg"
2026-03-09T12:36:22.181094Z  INFO tailwindcss_oxide::scanner: Reading "C:\\Users\\jeffr\\OneDrive - Hogeschool Rotterdam\\documenten\\jaar2\\TLE3\\Front-end\\README.md"
2026-03-09T12:36:22.181066Z  INFO tailwindcss_oxide::scanner: Reading "C:\\Users\\jeffr\\OneDrive - Hogeschool Rotterdam\\documenten\\jaar2\\TLE3\\Front-end\\src\\components\\Accordion.jsx"
2026-03-09T12:36:22.181043Z  INFO tailwindcss_oxide::scanner: Reading "C:\\Users\\jeffr\\OneDrive - Hogeschool Rotterdam\\documenten\\jaar2\\TLE3\\Front-end\\src\\pages\\AllTopics.jsx"
2026-03-09T12:36:22.181250Z  INFO get_files:discover_sources: tailwindcss_oxide::scanner: exit
2026-03-09T12:36:22.181333Z  INFO get_files: tailwindcss_oxide::scanner: exit
2026-03-09T12:36:22.181441Z  INFO get_globs: tailwindcss_oxide::scanner: enter
2026-03-09T12:36:22.181450Z  INFO get_globs:discover_sources: tailwindcss_oxide::scanner: enter
2026-03-09T12:36:22.181455Z  INFO get_globs:discover_sources: tailwindcss_oxide::scanner: exit
2026-03-09T12:36:22.186414Z  INFO get_globs: tailwindcss_oxide::scanner: exit
