2026-03-10T08:59:58.783366Z  INFO tailwindcss_oxide::scanner: Provided sources:
2026-03-10T08:59:58.783468Z  INFO tailwindcss_oxide::scanner: Source: PublicSourceEntry { base: "c:\\Users\\jeffr\\OneDrive - Hogeschool Rotterdam\\documenten\\jaar2\\TLE3\\Front-end", pattern: "**/*", negated: false }
2026-03-10T08:59:58.783772Z  INFO tailwindcss_oxide::scanner: Optimized sources:
2026-03-10T08:59:58.783790Z  INFO tailwindcss_oxide::scanner: Source: Auto { base: "C:\\Users\\jeffr\\OneDrive - Hogeschool Rotterdam\\documenten\\jaar2\\TLE3\\Front-end" }
2026-03-10T08:59:58.785389Z  INFO get_files: tailwindcss_oxide::scanner: enter
2026-03-10T08:59:58.785662Z  INFO get_files:discover_sources: tailwindcss_oxide::scanner: enter
2026-03-10T08:59:58.785674Z  INFO get_files:discover_sources:walk_synchronous: tailwindcss_oxide::scanner: enter
2026-03-10T08:59:58.791350Z  INFO get_files:discover_sources:walk_synchronous: tailwindcss_oxide::scanner: exit
2026-03-10T08:59:58.791915Z  INFO tailwindcss_oxide::scanner: Reading "C:\\Users\\jeffr\\OneDrive - Hogeschool Rotterdam\\documenten\\jaar2\\TLE3\\Front-end\\.prettierrc"
2026-03-10T08:59:58.791945Z  INFO tailwindcss_oxide::scanner: Reading "C:\\Users\\jeffr\\OneDrive - Hogeschool Rotterdam\\documenten\\jaar2\\TLE3\\Front-end\\package.json"
2026-03-10T08:59:58.791974Z  INFO tailwindcss_oxide::scanner: Reading "C:\\Users\\jeffr\\OneDrive - Hogeschool Rotterdam\\documenten\\jaar2\\TLE3\\Front-end\\src\\components\\RequestsDropdown.jsx"
2026-03-10T08:59:58.792171Z  INFO tailwindcss_oxide::scanner: Reading "C:\\Users\\jeffr\\OneDrive - Hogeschool Rotterdam\\documenten\\jaar2\\TLE3\\Front-end\\src\\components\\Navbar.jsx"
2026-03-10T08:59:58.810758Z  INFO tailwindcss_oxide::scanner: Reading "C:\\Users\\jeffr\\OneDrive - Hogeschool Rotterdam\\documenten\\jaar2\\TLE3\\Front-end\\public\\vite.svg"
2026-03-10T08:59:58.812229Z  INFO tailwindcss_oxide::scanner: Reading "C:\\Users\\jeffr\\OneDrive - Hogeschool Rotterdam\\documenten\\jaar2\\TLE3\\Front-end\\src\\assets\\react.svg"
2026-03-10T08:59:58.811941Z  INFO tailwindcss_oxide::scanner: Reading "C:\\Users\\jeffr\\OneDrive - Hogeschool Rotterdam\\documenten\\jaar2\\TLE3\\Front-end\\src\\main.jsx"
2026-03-10T08:59:58.812425Z  INFO tailwindcss_oxide::scanner: Reading "C:\\Users\\jeffr\\OneDrive - Hogeschool Rotterdam\\documenten\\jaar2\\TLE3\\Front-end\\README.md"
2026-03-10T08:59:58.812556Z  INFO tailwindcss_oxide::scanner: Reading "C:\\Users\\jeffr\\OneDrive - Hogeschool Rotterdam\\documenten\\jaar2\\TLE3\\Front-end\\src\\components\\Accordion.jsx"
2026-03-10T08:59:58.812638Z  INFO tailwindcss_oxide::scanner: Reading "C:\\Users\\jeffr\\OneDrive - Hogeschool Rotterdam\\documenten\\jaar2\\TLE3\\Front-end\\src\\pages\\WMOForm.jsx"
2026-03-10T08:59:58.812644Z  INFO tailwindcss_oxide::scanner: Reading "C:\\Users\\jeffr\\OneDrive - Hogeschool Rotterdam\\documenten\\jaar2\\TLE3\\Front-end\\src\\pages\\CategoryDetail.jsx"
2026-03-10T08:59:58.812880Z  INFO tailwindcss_oxide::scanner: Reading "C:\\Users\\jeffr\\OneDrive - Hogeschool Rotterdam\\documenten\\jaar2\\TLE3\\Front-end\\src\\pages\\Article.jsx"
2026-03-10T08:59:58.812960Z  INFO tailwindcss_oxide::scanner: Reading "C:\\Users\\jeffr\\OneDrive - Hogeschool Rotterdam\\documenten\\jaar2\\TLE3\\Front-end\\src\\App.jsx"
2026-03-10T08:59:58.814975Z  INFO tailwindcss_oxide::scanner: Reading "C:\\Users\\jeffr\\OneDrive - Hogeschool Rotterdam\\documenten\\jaar2\\TLE3\\Front-end\\postcss.config.js"
2026-03-10T08:59:58.815354Z  INFO tailwindcss_oxide::scanner: Reading "C:\\Users\\jeffr\\OneDrive - Hogeschool Rotterdam\\documenten\\jaar2\\TLE3\\Front-end\\eslint.config.js"
2026-03-10T08:59:58.815553Z  INFO tailwindcss_oxide::scanner: Reading "C:\\Users\\jeffr\\OneDrive - Hogeschool Rotterdam\\documenten\\jaar2\\TLE3\\Front-end\\src\\components\\Footer.jsx"
2026-03-10T08:59:58.815971Z  INFO tailwindcss_oxide::scanner: Reading "C:\\Users\\jeffr\\OneDrive - Hogeschool Rotterdam\\documenten\\jaar2\\TLE3\\Front-end\\src\\pages\\AllTopics.jsx"
2026-03-10T08:59:58.817623Z  INFO tailwindcss_oxide::scanner: Reading "C:\\Users\\jeffr\\OneDrive - Hogeschool Rotterdam\\documenten\\jaar2\\TLE3\\Front-end\\index.html"
2026-03-10T08:59:58.819026Z  INFO tailwindcss_oxide::scanner: Reading "C:\\Users\\jeffr\\OneDrive - Hogeschool Rotterdam\\documenten\\jaar2\\TLE3\\Front-end\\vite.config.js"
2026-03-10T08:59:58.827072Z  INFO tailwindcss_oxide::scanner: Reading "C:\\Users\\jeffr\\OneDrive - Hogeschool Rotterdam\\documenten\\jaar2\\TLE3\\Front-end\\tailwind.config.js"
2026-03-10T08:59:58.840672Z  INFO tailwindcss_oxide::scanner: Reading "C:\\Users\\jeffr\\OneDrive - Hogeschool Rotterdam\\documenten\\jaar2\\TLE3\\Front-end\\src\\pages\\Home.jsx"
2026-03-10T08:59:58.841268Z  INFO get_files:discover_sources: tailwindcss_oxide::scanner: exit
2026-03-10T08:59:58.842000Z  INFO get_files: tailwindcss_oxide::scanner: exit
2026-03-10T08:59:58.842134Z  INFO get_globs: tailwindcss_oxide::scanner: enter
2026-03-10T08:59:58.842152Z  INFO get_globs:discover_sources: tailwindcss_oxide::scanner: enter
2026-03-10T08:59:58.842162Z  INFO get_globs:discover_sources: tailwindcss_oxide::scanner: exit
2026-03-10T08:59:58.847767Z  INFO get_globs: tailwindcss_oxide::scanner: exit
